2024-07-11T10:03:44 | touched: README.md
2024-01-01T09:13:19 | touched: README.md
2026-01-12T23:45:33 | touched: README.md
2026-01-25T00:48:31 | touched: src/main.rs
2026-01-26T10:27:24 | touched: src/main.rs
2025-03-03T21:29:24 | touched: src/main.rs
2026-01-01T19:07:40 | touched: Cargo.toml
2024-09-07T09:16:44 | touched: LICENSE
2026-01-15T19:13:11 | touched: LICENSE
2025-06-18T21:40:49 | touched: LICENSE
2026-01-24T03:44:24 | touched: Cargo.toml
2026-01-07T15:23:04 | touched: src/main.rs
2026-01-20T04:02:22 | touched: README.md
2026-01-07T21:43:36 | touched: README.md
2024-11-13T22:20:44 | touched: README.md
2026-01-12T23:04:39 | touched: README.md
2024-05-18T18:19:10 | touched: LICENSE
2026-01-03T19:02:28 | touched: src/lib.rs
2024-01-23T14:32:59 | touched: src/lib.rs
2026-01-03T22:31:31 | touched: src/main.rs
2026-01-26T06:57:18 | touched: src/lib.rs
2025-04-28T06:01:50 | touched: src/lib.rs
2025-07-23T04:15:27 | touched: README.md
2026-01-22T18:56:33 | touched: README.md
2024-09-01T00:07:04 | touched: README.md
2026-01-07T03:23:32 | touched: src/main.rs
2025-07-28T20:59:34 | touched: Cargo.toml
2025-10-13T20:34:22 | touched: src/main.rs
2025-07-13T04:27:48 | touched: LICENSE
2025-04-16T12:14:21 | touched: README.md
2025-12-27T04:44:35 | touched: README.md
2025-01-05T16:43:04 | touched: LICENSE
2025-03-29T11:14:28 | touched: src/main.rs
2025-08-04T10:42:05 | touched: README.md
2025-05-23T12:50:05 | touched: README.md
2025-03-01T04:47:36 | touched: src/lib.rs
2025-01-17T15:15:59 | touched: src/main.rs
2025-04-07T07:29:56 | touched: README.md
2025-05-11T18:28:51 | touched: src/lib.rs
2025-03-15T13:21:25 | touched: src/main.rs
2025-05-07T08:55:05 | touched: README.md
2025-05-02T11:42:00 | touched: README.md
2025-05-18T08:41:35 | touched: LICENSE
2025-03-17T09:40:48 | touched: Cargo.toml
2025-09-20T14:20:34 | touched: LICENSE
2025-10-14T13:08:45 | touched: src/main.rs
2025-07-06T23:59:28 | touched: Cargo.toml
2025-04-03T11:16:13 | touched: README.md
2025-08-18 08:12:00 | INFO | repo=BalancerPool | action=commit
2025-02-17 17:59:00 | INFO | repo=BalancerPool | action=commit
2025-08-25 10:37:00 | WARN | repo=BalancerPool | action=commit
